<?xml version="1.0" encoding="UTF-8"?>
<testng-results ignored="0" total="13" passed="12" failed="1" skipped="0">
  <reporter-output>
  </reporter-output>
  <suite started-at="2022-07-13T21:21:32 IST" name="Default suite" finished-at="2022-07-13T21:21:49 IST" duration-ms="17130">
    <groups>
    </groups>
    <test started-at="2022-07-13T21:21:32 IST" name="Default test" finished-at="2022-07-13T21:21:49 IST" duration-ms="17130">
      <class name="TestScenarios.TestMethod">
        <test-method is-config="true" signature="beforetest()[pri:0, instance:TestScenarios.TestMethod@71ba6d4e]" started-at="2022-07-13T21:21:32 IST" name="beforetest" finished-at="2022-07-13T21:21:36 IST" duration-ms="3802" status="PASS">
          <reporter-output>
          </reporter-output>
        </test-method> <!-- beforetest -->
        <test-method signature="verifylogin()[pri:0, instance:TestScenarios.TestMethod@71ba6d4e]" started-at="2022-07-13T21:21:36 IST" name="verifylogin" finished-at="2022-07-13T21:21:36 IST" duration-ms="246" status="PASS">
          <reporter-output>
          </reporter-output>
        </test-method> <!-- verifylogin -->
        <test-method signature="verifyAdduser()[pri:1, instance:TestScenarios.TestMethod@71ba6d4e]" started-at="2022-07-13T21:21:36 IST" name="verifyAdduser" finished-at="2022-07-13T21:21:40 IST" duration-ms="3337" status="PASS">
          <reporter-output>
          </reporter-output>
        </test-method> <!-- verifyAdduser -->
        <test-method signature="verifyUsermanage()[pri:2, instance:TestScenarios.TestMethod@71ba6d4e]" started-at="2022-07-13T21:21:40 IST" name="verifyUsermanage" finished-at="2022-07-13T21:21:40 IST" duration-ms="195" status="PASS">
          <reporter-output>
          </reporter-output>
        </test-method> <!-- verifyUsermanage -->
        <test-method signature="verifyAddusers()[pri:3, instance:TestScenarios.TestMethod@71ba6d4e]" started-at="2022-07-13T21:21:40 IST" name="verifyAddusers" finished-at="2022-07-13T21:21:41 IST" duration-ms="1256" status="PASS">
          <reporter-output>
          </reporter-output>
        </test-method> <!-- verifyAddusers -->
        <test-method signature="verifyClickuser()[pri:4, instance:TestScenarios.TestMethod@71ba6d4e]" started-at="2022-07-13T21:21:41 IST" name="verifyClickuser" finished-at="2022-07-13T21:21:41 IST" duration-ms="83" status="PASS">
          <reporter-output>
          </reporter-output>
        </test-method> <!-- verifyClickuser -->
        <test-method signature="verifyuserdetails()[pri:5, instance:TestScenarios.TestMethod@71ba6d4e]" started-at="2022-07-13T21:21:41 IST" name="verifyuserdetails" finished-at="2022-07-13T21:21:42 IST" duration-ms="625" status="PASS">
          <reporter-output>
          </reporter-output>
        </test-method> <!-- verifyuserdetails -->
        <test-method signature="radio()[pri:6, instance:TestScenarios.TestMethod@71ba6d4e]" started-at="2022-07-13T21:21:42 IST" name="radio" finished-at="2022-07-13T21:21:42 IST" duration-ms="63" status="PASS">
          <reporter-output>
          </reporter-output>
        </test-method> <!-- radio -->
        <test-method signature="verifyl()[pri:7, instance:TestScenarios.TestMethod@71ba6d4e]" started-at="2022-07-13T21:21:42 IST" name="verifyl" finished-at="2022-07-13T21:21:42 IST" duration-ms="77" status="PASS">
          <reporter-output>
          </reporter-output>
        </test-method> <!-- verifyl -->
        <test-method signature="verifygot()[pri:8, instance:TestScenarios.TestMethod@71ba6d4e]" started-at="2022-07-13T21:21:42 IST" name="verifygot" finished-at="2022-07-13T21:21:44 IST" duration-ms="2182" status="PASS">
          <reporter-output>
          </reporter-output>
        </test-method> <!-- verifygot -->
        <test-method signature="verifycontentdata()[pri:9, instance:TestScenarios.TestMethod@71ba6d4e]" started-at="2022-07-13T21:21:44 IST" name="verifycontentdata" finished-at="2022-07-13T21:21:45 IST" duration-ms="219" status="PASS">
          <reporter-output>
          </reporter-output>
        </test-method> <!-- verifycontentdata -->
        <test-method signature="verifycontent()[pri:10, instance:TestScenarios.TestMethod@71ba6d4e]" started-at="2022-07-13T21:21:45 IST" name="verifycontent" finished-at="2022-07-13T21:21:46 IST" duration-ms="1144" status="FAIL">
          <exception class="org.openqa.selenium.ElementClickInterceptedException">
            <message>
              <![CDATA[element click intercepted: Element <a href="#content-management/course-list/" class="menu_link fc8" data-view="course-list" data-role-access="<admin><author>">...</a> is not clickable at point (22, 133). Other element would receive the click: <a class="menu_tab active" data-tab="user-management" href="javascript:void(0)" onclick="menu_open('user-management')" title="User Management" data-role-access="<admin>">...</a>
  (Session info: chrome=103.0.5060.114)
Build info: version: '4.3.0', revision: 'a4995e2c09*'
System info: host: 'DESKTOP-4D5SP8K', ip: '192.168.163.183', os.name: 'Windows 10', os.arch: 'amd64', os.version: '10.0', java.version: '17.0.3'
Driver info: org.openqa.selenium.chrome.ChromeDriver
Command: [c8f042bbc662296254efd6c759e48418, clickElement {id=70b88f7b-ec13-4f2c-9921-70ce263bb13a}]
Capabilities {acceptInsecureCerts: false, browserName: chrome, browserVersion: 103.0.5060.114, chrome: {chromedriverVersion: 103.0.5060.53 (a1711811edd7..., userDataDir: C:\Users\Abarna\AppData\Loc...}, goog:chromeOptions: {debuggerAddress: localhost:63393}, networkConnectionEnabled: false, pageLoadStrategy: normal, platformName: WINDOWS, proxy: Proxy(), se:cdp: ws://localhost:63393/devtoo..., se:cdpVersion: 103.0.5060.114, setWindowRect: true, strictFileInteractability: false, timeouts: {implicit: 0, pageLoad: 300000, script: 30000}, unhandledPromptBehavior: dismiss and notify, webauthn:extension:credBlob: true, webauthn:extension:largeBlob: true, webauthn:virtualAuthenticators: true}
Element: [[ChromeDriver: chrome on WINDOWS (c8f042bbc662296254efd6c759e48418)] -> xpath: /html/body/div[4]/div[1]/div[3]/a[1]]
Session ID: c8f042bbc662296254efd6c759e48418]]>
            </message>
            <full-stacktrace>
              <![CDATA[org.openqa.selenium.ElementClickInterceptedException: element click intercepted: Element <a href="#content-management/course-list/" class="menu_link fc8" data-view="course-list" data-role-access="<admin><author>">...</a> is not clickable at point (22, 133). Other element would receive the click: <a class="menu_tab active" data-tab="user-management" href="javascript:void(0)" onclick="menu_open('user-management')" title="User Management" data-role-access="<admin>">...</a>
  (Session info: chrome=103.0.5060.114)
Build info: version: '4.3.0', revision: 'a4995e2c09*'
System info: host: 'DESKTOP-4D5SP8K', ip: '192.168.163.183', os.name: 'Windows 10', os.arch: 'amd64', os.version: '10.0', java.version: '17.0.3'
Driver info: org.openqa.selenium.chrome.ChromeDriver
Command: [c8f042bbc662296254efd6c759e48418, clickElement {id=70b88f7b-ec13-4f2c-9921-70ce263bb13a}]
Capabilities {acceptInsecureCerts: false, browserName: chrome, browserVersion: 103.0.5060.114, chrome: {chromedriverVersion: 103.0.5060.53 (a1711811edd7..., userDataDir: C:\Users\Abarna\AppData\Loc...}, goog:chromeOptions: {debuggerAddress: localhost:63393}, networkConnectionEnabled: false, pageLoadStrategy: normal, platformName: WINDOWS, proxy: Proxy(), se:cdp: ws://localhost:63393/devtoo..., se:cdpVersion: 103.0.5060.114, setWindowRect: true, strictFileInteractability: false, timeouts: {implicit: 0, pageLoad: 300000, script: 30000}, unhandledPromptBehavior: dismiss and notify, webauthn:extension:credBlob: true, webauthn:extension:largeBlob: true, webauthn:virtualAuthenticators: true}
Element: [[ChromeDriver: chrome on WINDOWS (c8f042bbc662296254efd6c759e48418)] -> xpath: /html/body/div[4]/div[1]/div[3]/a[1]]
Session ID: c8f042bbc662296254efd6c759e48418
at java.base/jdk.internal.reflect.NativeConstructorAccessorImpl.newInstance0(Native Method)
at java.base/jdk.internal.reflect.NativeConstructorAccessorImpl.newInstance(NativeConstructorAccessorImpl.java:77)
at java.base/jdk.internal.reflect.DelegatingConstructorAccessorImpl.newInstance(DelegatingConstructorAccessorImpl.java:45)
at java.base/java.lang.reflect.Constructor.newInstanceWithCaller(Constructor.java:499)
at java.base/java.lang.reflect.Constructor.newInstance(Constructor.java:480)
at org.openqa.selenium.remote.codec.w3c.W3CHttpResponseCodec.createException(W3CHttpResponseCodec.java:200)
at org.openqa.selenium.remote.codec.w3c.W3CHttpResponseCodec.decode(W3CHttpResponseCodec.java:133)
at org.openqa.selenium.remote.codec.w3c.W3CHttpResponseCodec.decode(W3CHttpResponseCodec.java:53)
at org.openqa.selenium.remote.HttpCommandExecutor.execute(HttpCommandExecutor.java:184)
at org.openqa.selenium.remote.service.DriverCommandExecutor.invokeExecute(DriverCommandExecutor.java:167)
at org.openqa.selenium.remote.service.DriverCommandExecutor.execute(DriverCommandExecutor.java:142)
at org.openqa.selenium.remote.RemoteWebDriver.execute(RemoteWebDriver.java:569)
at org.openqa.selenium.remote.RemoteWebElement.execute(RemoteWebElement.java:257)
at org.openqa.selenium.remote.RemoteWebElement.click(RemoteWebElement.java:78)
at Objects.CreateContent.content(CreateContent.java:21)
at TestScenarios.TestMethod.verifycontent(TestMethod.java:93)
at java.base/jdk.internal.reflect.NativeMethodAccessorImpl.invoke0(Native Method)
at java.base/jdk.internal.reflect.NativeMethodAccessorImpl.invoke(NativeMethodAccessorImpl.java:77)
at java.base/jdk.internal.reflect.DelegatingMethodAccessorImpl.invoke(DelegatingMethodAccessorImpl.java:43)
at java.base/java.lang.reflect.Method.invoke(Method.java:568)
at org.testng.internal.invokers.MethodInvocationHelper.invokeMethod(MethodInvocationHelper.java:139)
at org.testng.internal.invokers.TestInvoker.invokeMethod(TestInvoker.java:677)
at org.testng.internal.invokers.TestInvoker.invokeTestMethod(TestInvoker.java:221)
at org.testng.internal.invokers.MethodRunner.runInSequence(MethodRunner.java:50)
at org.testng.internal.invokers.TestInvoker$MethodInvocationAgent.invoke(TestInvoker.java:962)
at org.testng.internal.invokers.TestInvoker.invokeTestMethods(TestInvoker.java:194)
at org.testng.internal.invokers.TestMethodWorker.invokeTestMethods(TestMethodWorker.java:148)
at org.testng.internal.invokers.TestMethodWorker.run(TestMethodWorker.java:128)
at java.base/java.util.ArrayList.forEach(ArrayList.java:1511)
at org.testng.TestRunner.privateRun(TestRunner.java:806)
at org.testng.TestRunner.run(TestRunner.java:601)
at org.testng.SuiteRunner.runTest(SuiteRunner.java:433)
at org.testng.SuiteRunner.runSequentially(SuiteRunner.java:427)
at org.testng.SuiteRunner.privateRun(SuiteRunner.java:387)
at org.testng.SuiteRunner.run(SuiteRunner.java:330)
at org.testng.SuiteRunnerWorker.runSuite(SuiteRunnerWorker.java:52)
at org.testng.SuiteRunnerWorker.run(SuiteRunnerWorker.java:95)
at org.testng.TestNG.runSuitesSequentially(TestNG.java:1256)
at org.testng.TestNG.runSuitesLocally(TestNG.java:1176)
at org.testng.TestNG.runSuites(TestNG.java:1099)
at org.testng.TestNG.run(TestNG.java:1067)
at org.testng.remote.AbstractRemoteTestNG.run(AbstractRemoteTestNG.java:115)
at org.testng.remote.RemoteTestNG.initAndRun(RemoteTestNG.java:251)
at org.testng.remote.RemoteTestNG.main(RemoteTestNG.java:77)
]]>
            </full-stacktrace>
          </exception> <!-- org.openqa.selenium.ElementClickInterceptedException -->
          <reporter-output>
          </reporter-output>
        </test-method> <!-- verifycontent -->
        <test-method signature="verifycontent1()[pri:11, instance:TestScenarios.TestMethod@71ba6d4e]" started-at="2022-07-13T21:21:46 IST" name="verifycontent1" finished-at="2022-07-13T21:21:49 IST" duration-ms="3615" status="PASS">
          <reporter-output>
          </reporter-output>
        </test-method> <!-- verifycontent1 -->
        <test-method signature="verifycontent2()[pri:12, instance:TestScenarios.TestMethod@71ba6d4e]" started-at="2022-07-13T21:21:49 IST" name="verifycontent2" finished-at="2022-07-13T21:21:49 IST" duration-ms="205" status="PASS">
          <reporter-output>
          </reporter-output>
        </test-method> <!-- verifycontent2 -->
        <test-method is-config="true" signature="aftertest()[pri:0, instance:TestScenarios.TestMethod@71ba6d4e]" started-at="2022-07-13T21:21:49 IST" name="aftertest" finished-at="2022-07-13T21:21:49 IST" duration-ms="0" status="PASS">
          <reporter-output>
          </reporter-output>
        </test-method> <!-- aftertest -->
      </class> <!-- TestScenarios.TestMethod -->
    </test> <!-- Default test -->
  </suite> <!-- Default suite -->
</testng-results>
